2022-01-05 14:59:18,398 - root - INFO: Starting test pipeline
2022-01-05 14:59:18,398 - root - INFO: Testing if csv is accessible.
2022-01-05 14:59:18,431 - root - INFO: Successfully imported dataset.
2022-01-05 14:59:18,432 - root - INFO: Testing the dataset shape.
2022-01-05 14:59:18,432 - root - INFO: Rows: 10127	Columns: 23
2022-01-05 14:59:18,433 - root - INFO: Testing EDA
2022-01-05 14:59:19,496 - root - INFO: Success importing.
2022-01-05 14:59:19,497 - root - INFO: Assert if churn_distribution.png is created.
2022-01-05 14:59:19,499 - root - INFO: File churn_distribution.png found.
2022-01-05 14:59:19,499 - root - INFO: Assert if customer_age_distribution.png is created.
2022-01-05 14:59:19,501 - root - INFO: File customer_age_distribution.png was found.
2022-01-05 14:59:19,501 - root - INFO: Assert if marital_status_distribution.png is created.
2022-01-05 14:59:19,503 - root - INFO: File marital_status_distribution.png was found.
2022-01-05 14:59:19,504 - root - INFO: Assert if total_transaction_distribution.png is created.
2022-01-05 14:59:19,505 - root - INFO: File total_transaction_distribution.png was found.
2022-01-05 14:59:19,505 - root - INFO: Assert if heatmap.png is created.
2022-01-05 14:59:19,507 - root - INFO: File heatmap.png was found.
2022-01-05 14:59:19,507 - root - INFO: Loading dataframe.
2022-01-05 14:59:19,536 - root - INFO: Creating Churn feature.
2022-01-05 14:59:19,540 - root - INFO: Verify if data is the same.
2022-01-05 14:59:19,543 - root - INFO: Testing encoder_helper.
2022-01-05 14:59:19,845 - root - INFO: Verify if column names if the same.
2022-01-05 14:59:19,847 - root - INFO: Testing encoder_helper.
2022-01-05 14:59:20,150 - root - INFO: Verify if column names is different
2022-01-05 14:59:20,150 - root - INFO: Testing encoder_helper.
2022-01-05 14:59:20,151 - root - INFO: Loading data.
2022-01-05 14:59:20,494 - root - INFO: Verify if churn column is present in dataframe.
2022-01-05 14:59:20,494 - root - INFO: Churn column is present.
2022-01-05 14:59:20,495 - root - INFO: Verify the size of X_test.
2022-01-05 14:59:20,495 - root - INFO: DataFrame sizes are OK.
2022-01-05 14:59:20,838 - root - INFO: Assert if logistic_model.pkl file is present.
2022-01-05 15:00:39,157 - root - INFO: Model logistic_model.pkl was found.
2022-01-05 15:00:39,157 - root - INFO: Assert if rfc_model.pkl file is present.
2022-01-05 15:00:39,159 - root - INFO: Model rfc_model.pkl was found.
2022-01-05 15:00:39,159 - root - INFO: Assert if roc_curve_result.png file is present.
2022-01-05 15:00:39,161 - root - INFO: File roc_curve_result.png was found.
2022-01-05 15:00:39,161 - root - INFO: Assert if rfc_results.png file is present.
2022-01-05 15:00:39,164 - root - INFO: File rf_results.png was found.
2022-01-05 15:00:39,164 - root - INFO: Assert if logistic_results.png file is present.
2022-01-05 15:00:39,165 - root - INFO: File logistic_results.png was found.
2022-01-05 15:00:39,166 - root - INFO: Assert if feature_importances.png file is present.
2022-01-05 15:00:39,167 - root - INFO: File feature_importances.png was found.
